<?xml version="1.0" encoding="UTF-8"?>
<coverage generated="1561374978486" clover="3.2.0">
  <project timestamp="1561374978486" name="All files">
    <metrics statements="25" coveredstatements="20" conditionals="10" coveredconditionals="8" methods="11" coveredmethods="7" elements="46" coveredelements="35" complexity="0" loc="25" ncloc="25" packages="1" files="3" classes="3"/>
    <file name="api.js" path="/Users/xingwang/Full-Stack/jest/jest-playground/api.js">
      <metrics statements="5" coveredstatements="4" conditionals="0" coveredconditionals="0" methods="3" coveredmethods="2"/>
      <line num="1" count="1" type="stmt"/>
      <line num="4" count="1" type="stmt"/>
      <line num="5" count="6" type="stmt"/>
      <line num="6" count="6" type="stmt"/>
      <line num="7" count="0" type="stmt"/>
    </file>
    <file name="db-crud.js" path="/Users/xingwang/Full-Stack/jest/jest-playground/db-crud.js">
      <metrics statements="3" coveredstatements="1" conditionals="0" coveredconditionals="0" methods="2" coveredmethods="0"/>
      <line num="1" count="1" type="stmt"/>
      <line num="3" count="0" type="stmt"/>
      <line num="6" count="0" type="stmt"/>
    </file>
    <file name="sample.js" path="/Users/xingwang/Full-Stack/jest/jest-playground/sample.js">
      <metrics statements="17" coveredstatements="15" conditionals="10" coveredconditionals="8" methods="6" coveredmethods="5"/>
      <line num="3" count="1" type="stmt"/>
      <line num="4" count="3" type="cond" truecount="2" falsecount="0"/>
      <line num="5" count="2" type="cond" truecount="2" falsecount="0"/>
      <line num="6" count="1" type="stmt"/>
      <line num="10" count="1" type="stmt"/>
      <line num="11" count="3" type="cond" truecount="2" falsecount="0"/>
      <line num="12" count="1" type="stmt"/>
      <line num="16" count="1" type="stmt"/>
      <line num="17" count="4" type="stmt"/>
      <line num="21" count="1" type="stmt"/>
      <line num="22" count="2" type="stmt"/>
      <line num="29" count="1" type="stmt"/>
      <line num="31" count="13" type="cond" truecount="2" falsecount="0"/>
      <line num="33" count="1" type="stmt"/>
      <line num="40" count="1" type="stmt"/>
      <line num="41" count="0" type="cond" truecount="0" falsecount="2"/>
      <line num="43" count="0" type="stmt"/>
    </file>
  </project>
</coverage>
