{"/Users/xingwang/Full-Stack/jest/jest-playground/api.js": {"path":"/Users/xingwang/Full-Stack/jest/jest-playground/api.js","statementMap":{"0":{"start":{"line":1,"column":14},"end":{"line":1,"column":30}},"1":{"start":{"line":4,"column":0},"end":{"line":7,"column":47}},"2":{"start":{"line":5,"column":4},"end":{"line":7,"column":46}},"3":{"start":{"line":6,"column":17},"end":{"line":6,"column":25}},"4":{"start":{"line":7,"column":18},"end":{"line":7,"column":45}}},"fnMap":{"0":{"name":"(anonymous_0)","decl":{"start":{"line":4,"column":27},"end":{"line":4,"column":28}},"loc":{"start":{"line":5,"column":4},"end":{"line":7,"column":46}},"line":5},"1":{"name":"(anonymous_1)","decl":{"start":{"line":6,"column":10},"end":{"line":6,"column":11}},"loc":{"start":{"line":6,"column":17},"end":{"line":6,"column":25}},"line":6},"2":{"name":"(anonymous_2)","decl":{"start":{"line":7,"column":11},"end":{"line":7,"column":12}},"loc":{"start":{"line":7,"column":18},"end":{"line":7,"column":45}},"line":7}},"branchMap":{},"s":{"0":1,"1":1,"2":6,"3":6,"4":0},"f":{"0":6,"1":6,"2":0},"b":{},"_coverageSchema":"43e27e138ebf9cfc5966b082cf9a028302ed4184","hash":"21c3bbc8cf6755d76beecd3a18b5c27d2c8c42f2"}
,"/Users/xingwang/Full-Stack/jest/jest-playground/db-crud.js": {"path":"/Users/xingwang/Full-Stack/jest/jest-playground/db-crud.js","statementMap":{"0":{"start":{"line":1,"column":0},"end":{"line":8,"column":2}},"1":{"start":{"line":3,"column":8},"end":{"line":3,"column":47}},"2":{"start":{"line":6,"column":8},"end":{"line":6,"column":48}}},"fnMap":{"0":{"name":"(anonymous_0)","decl":{"start":{"line":2,"column":16},"end":{"line":2,"column":17}},"loc":{"start":{"line":2,"column":22},"end":{"line":4,"column":5}},"line":2},"1":{"name":"(anonymous_1)","decl":{"start":{"line":5,"column":13},"end":{"line":5,"column":14}},"loc":{"start":{"line":5,"column":19},"end":{"line":7,"column":5}},"line":5}},"branchMap":{},"s":{"0":1,"1":0,"2":0},"f":{"0":0,"1":0},"b":{},"_coverageSchema":"43e27e138ebf9cfc5966b082cf9a028302ed4184","hash":"f664ddd7683fdf2f3d47e202c442e6ab4c817183"}
,"/Users/xingwang/Full-Stack/jest/jest-playground/sample.js": {"path":"/Users/xingwang/Full-Stack/jest/jest-playground/sample.js","statementMap":{"0":{"start":{"line":3,"column":0},"end":{"line":7,"column":1}},"1":{"start":{"line":4,"column":4},"end":{"line":4,"column":34}},"2":{"start":{"line":4,"column":20},"end":{"line":4,"column":34}},"3":{"start":{"line":5,"column":4},"end":{"line":5,"column":35}},"4":{"start":{"line":5,"column":20},"end":{"line":5,"column":35}},"5":{"start":{"line":6,"column":4},"end":{"line":6,"column":13}},"6":{"start":{"line":10,"column":0},"end":{"line":13,"column":1}},"7":{"start":{"line":11,"column":4},"end":{"line":11,"column":35}},"8":{"start":{"line":11,"column":24},"end":{"line":11,"column":35}},"9":{"start":{"line":12,"column":4},"end":{"line":12,"column":44}},"10":{"start":{"line":16,"column":0},"end":{"line":18,"column":1}},"11":{"start":{"line":17,"column":4},"end":{"line":17,"column":36}},"12":{"start":{"line":21,"column":0},"end":{"line":26,"column":1}},"13":{"start":{"line":22,"column":4},"end":{"line":25,"column":6}},"14":{"start":{"line":29,"column":0},"end":{"line":37,"column":1}},"15":{"start":{"line":31,"column":4},"end":{"line":31,"column":60}},"16":{"start":{"line":31,"column":19},"end":{"line":31,"column":60}},"17":{"start":{"line":33,"column":4},"end":{"line":36,"column":5}},"18":{"start":{"line":40,"column":0},"end":{"line":47,"column":1}},"19":{"start":{"line":41,"column":4},"end":{"line":41,"column":60}},"20":{"start":{"line":41,"column":19},"end":{"line":41,"column":60}},"21":{"start":{"line":43,"column":4},"end":{"line":46,"column":5}}},"fnMap":{"0":{"name":"(anonymous_0)","decl":{"start":{"line":3,"column":30},"end":{"line":3,"column":31}},"loc":{"start":{"line":3,"column":48},"end":{"line":7,"column":1}},"line":3},"1":{"name":"(anonymous_1)","decl":{"start":{"line":10,"column":30},"end":{"line":10,"column":31}},"loc":{"start":{"line":10,"column":45},"end":{"line":13,"column":1}},"line":10},"2":{"name":"(anonymous_2)","decl":{"start":{"line":16,"column":26},"end":{"line":16,"column":27}},"loc":{"start":{"line":16,"column":38},"end":{"line":18,"column":1}},"line":16},"3":{"name":"(anonymous_3)","decl":{"start":{"line":21,"column":28},"end":{"line":21,"column":29}},"loc":{"start":{"line":21,"column":49},"end":{"line":26,"column":1}},"line":21},"4":{"name":"(anonymous_4)","decl":{"start":{"line":29,"column":30},"end":{"line":29,"column":31}},"loc":{"start":{"line":29,"column":50},"end":{"line":37,"column":1}},"line":29},"5":{"name":"(anonymous_5)","decl":{"start":{"line":40,"column":30},"end":{"line":40,"column":31}},"loc":{"start":{"line":40,"column":50},"end":{"line":47,"column":1}},"line":40}},"branchMap":{"0":{"loc":{"start":{"line":4,"column":4},"end":{"line":4,"column":34}},"type":"if","locations":[{"start":{"line":4,"column":4},"end":{"line":4,"column":34}},{"start":{"line":4,"column":4},"end":{"line":4,"column":34}}],"line":4},"1":{"loc":{"start":{"line":5,"column":4},"end":{"line":5,"column":35}},"type":"if","locations":[{"start":{"line":5,"column":4},"end":{"line":5,"column":35}},{"start":{"line":5,"column":4},"end":{"line":5,"column":35}}],"line":5},"2":{"loc":{"start":{"line":11,"column":4},"end":{"line":11,"column":35}},"type":"if","locations":[{"start":{"line":11,"column":4},"end":{"line":11,"column":35}},{"start":{"line":11,"column":4},"end":{"line":11,"column":35}}],"line":11},"3":{"loc":{"start":{"line":31,"column":4},"end":{"line":31,"column":60}},"type":"if","locations":[{"start":{"line":31,"column":4},"end":{"line":31,"column":60}},{"start":{"line":31,"column":4},"end":{"line":31,"column":60}}],"line":31},"4":{"loc":{"start":{"line":41,"column":4},"end":{"line":41,"column":60}},"type":"if","locations":[{"start":{"line":41,"column":4},"end":{"line":41,"column":60}},{"start":{"line":41,"column":4},"end":{"line":41,"column":60}}],"line":41}},"s":{"0":1,"1":3,"2":1,"3":2,"4":1,"5":1,"6":1,"7":3,"8":2,"9":1,"10":1,"11":4,"12":1,"13":2,"14":1,"15":13,"16":12,"17":1,"18":1,"19":0,"20":0,"21":0},"f":{"0":3,"1":3,"2":4,"3":2,"4":13,"5":0},"b":{"0":[1,2],"1":[1,1],"2":[2,1],"3":[12,1],"4":[0,0]},"_coverageSchema":"43e27e138ebf9cfc5966b082cf9a028302ed4184","hash":"fd5f95a7dce5510d659b8d8cb69a1f6f4af53ac4"}
}
