TN:
SF:/Users/xingwang/Full-Stack/jest/jest-playground/api.js
FN:4,(anonymous_0)
FN:6,(anonymous_1)
FN:7,(anonymous_2)
FNF:3
FNH:2
FNDA:6,(anonymous_0)
FNDA:6,(anonymous_1)
FNDA:0,(anonymous_2)
DA:1,1
DA:4,1
DA:5,6
DA:6,6
DA:7,0
LF:5
LH:4
BRF:0
BRH:0
end_of_record
TN:
SF:/Users/xingwang/Full-Stack/jest/jest-playground/db-crud.js
FN:2,(anonymous_0)
FN:5,(anonymous_1)
FNF:2
FNH:0
FNDA:0,(anonymous_0)
FNDA:0,(anonymous_1)
DA:1,1
DA:3,0
DA:6,0
LF:3
LH:1
BRF:0
BRH:0
end_of_record
TN:
SF:/Users/xingwang/Full-Stack/jest/jest-playground/sample.js
FN:3,(anonymous_0)
FN:10,(anonymous_1)
FN:16,(anonymous_2)
FN:21,(anonymous_3)
FN:29,(anonymous_4)
FN:40,(anonymous_5)
FNF:6
FNH:5
FNDA:3,(anonymous_0)
FNDA:3,(anonymous_1)
FNDA:4,(anonymous_2)
FNDA:2,(anonymous_3)
FNDA:13,(anonymous_4)
FNDA:0,(anonymous_5)
DA:3,1
DA:4,3
DA:5,2
DA:6,1
DA:10,1
DA:11,3
DA:12,1
DA:16,1
DA:17,4
DA:21,1
DA:22,2
DA:29,1
DA:31,13
DA:33,1
DA:40,1
DA:41,0
DA:43,0
LF:17
LH:15
BRDA:4,0,0,1
BRDA:4,0,1,2
BRDA:5,1,0,1
BRDA:5,1,1,1
BRDA:11,2,0,2
BRDA:11,2,1,1
BRDA:31,3,0,12
BRDA:31,3,1,1
BRDA:41,4,0,0
BRDA:41,4,1,0
BRF:10
BRH:8
end_of_record
